<?xml version="1.0" encoding="UTF-8"?>
<!-- Generated by org.testng.reporters.JUnitXMLReporter -->
<testsuite hostname="LAPTOP-4BK013Q7" ignored="1" name="AutomationDemo" tests="1" failures="0" timestamp="2021-12-02T14:35:46 IST" time="8.429" errors="0">
  <testcase name="alertsDemo" time="5.842" classname="automation.AutomationDemo"/>
  <testcase name="verifyGmail" time="0.0" classname="automation.AutomationDemo">
    <ignored/>
  </testcase> <!-- verifyGmail -->
</testsuite> <!-- AutomationDemo -->
