<?xml version="1.0" encoding="UTF-8"?>
<!-- Generated by org.testng.reporters.JUnitXMLReporter -->
<testsuite hostname="LAPTOP-4BK013Q7" ignored="6" name="SIT_Testing" tests="1" failures="0" timestamp="2021-12-26T08:54:39 IST" time="5.959" errors="0">
  <testcase name="windowHandling" time="1.946" classname="automation.AutomationDemo"/>
  <testcase name="selecrtRoundTrip" time="0.0" classname="automation.AutomationDemo">
    <ignored/>
  </testcase> <!-- selecrtRoundTrip -->
  <testcase name="makeMyTrip" time="0.0" classname="automation.AutomationDemo">
    <ignored/>
  </testcase> <!-- makeMyTrip -->
  <testcase name="alertsDemo" time="0.0" classname="automation.AutomationDemo">
    <ignored/>
  </testcase> <!-- alertsDemo -->
  <testcase name="dropDownFacebook" time="0.0" classname="automation.AutomationDemo">
    <ignored/>
  </testcase> <!-- dropDownFacebook -->
  <testcase name="actionsDemo" time="0.0" classname="automation.AutomationDemo">
    <ignored/>
  </testcase> <!-- actionsDemo -->
  <testcase name="verifyGmail" time="0.0" classname="automation.AutomationDemo">
    <ignored/>
  </testcase> <!-- verifyGmail -->
</testsuite> <!-- SIT_Testing -->
