<?xml version="1.0" encoding="UTF-8"?>
<testng-results skipped="0" failed="0" ignored="0" total="2" passed="2">
  <reporter-output>
  </reporter-output>
  <suite name="Default suite" duration-ms="58" started-at="2021-12-28T20:42:57 IST" finished-at="2021-12-28T20:42:57 IST">
    <groups>
    </groups>
    <test name="Default test" duration-ms="58" started-at="2021-12-28T20:42:57 IST" finished-at="2021-12-28T20:42:57 IST">
      <class name="automation.Annotation">
        <test-method status="PASS" signature="beforeSuite()[pri:0, instance:automation.Annotation@3ecd23d9]" name="beforeSuite" is-config="true" duration-ms="10" started-at="2021-12-28T20:42:57 IST" finished-at="2021-12-28T20:42:57 IST">
          <reporter-output>
          </reporter-output>
        </test-method> <!-- beforeSuite -->
        <test-method status="PASS" signature="beforeTest()[pri:0, instance:automation.Annotation@3ecd23d9]" name="beforeTest" is-config="true" duration-ms="0" started-at="2021-12-28T20:42:57 IST" finished-at="2021-12-28T20:42:57 IST">
          <reporter-output>
          </reporter-output>
        </test-method> <!-- beforeTest -->
        <test-method status="PASS" signature="beforeClass()[pri:0, instance:automation.Annotation@3ecd23d9]" name="beforeClass" is-config="true" duration-ms="0" started-at="2021-12-28T20:42:57 IST" finished-at="2021-12-28T20:42:57 IST">
          <reporter-output>
          </reporter-output>
        </test-method> <!-- beforeClass -->
        <test-method status="PASS" signature="beforeMethod()[pri:0, instance:automation.Annotation@3ecd23d9]" name="beforeMethod" is-config="true" duration-ms="1" started-at="2021-12-28T20:42:57 IST" finished-at="2021-12-28T20:42:57 IST">
          <reporter-output>
          </reporter-output>
        </test-method> <!-- beforeMethod -->
        <test-method status="PASS" signature="firstMethod()[pri:0, instance:automation.Annotation@3ecd23d9]" name="firstMethod" duration-ms="6" started-at="2021-12-28T20:42:57 IST" finished-at="2021-12-28T20:42:57 IST">
          <reporter-output>
          </reporter-output>
        </test-method> <!-- firstMethod -->
        <test-method status="PASS" signature="afterMethod()[pri:0, instance:automation.Annotation@3ecd23d9]" name="afterMethod" is-config="true" duration-ms="1" started-at="2021-12-28T20:42:57 IST" finished-at="2021-12-28T20:42:57 IST">
          <reporter-output>
          </reporter-output>
        </test-method> <!-- afterMethod -->
        <test-method status="PASS" signature="beforeMethod()[pri:0, instance:automation.Annotation@3ecd23d9]" name="beforeMethod" is-config="true" duration-ms="0" started-at="2021-12-28T20:42:57 IST" finished-at="2021-12-28T20:42:57 IST">
          <reporter-output>
          </reporter-output>
        </test-method> <!-- beforeMethod -->
        <test-method status="PASS" signature="secondMethod()[pri:0, instance:automation.Annotation@3ecd23d9]" name="secondMethod" duration-ms="2" started-at="2021-12-28T20:42:57 IST" finished-at="2021-12-28T20:42:57 IST">
          <reporter-output>
          </reporter-output>
        </test-method> <!-- secondMethod -->
        <test-method status="PASS" signature="afterClass()[pri:0, instance:automation.Annotation@3ecd23d9]" name="afterClass" is-config="true" duration-ms="0" started-at="2021-12-28T20:42:57 IST" finished-at="2021-12-28T20:42:57 IST">
          <reporter-output>
          </reporter-output>
        </test-method> <!-- afterClass -->
        <test-method status="PASS" signature="afterMethod()[pri:0, instance:automation.Annotation@3ecd23d9]" name="afterMethod" is-config="true" duration-ms="0" started-at="2021-12-28T20:42:57 IST" finished-at="2021-12-28T20:42:57 IST">
          <reporter-output>
          </reporter-output>
        </test-method> <!-- afterMethod -->
        <test-method status="PASS" signature="afterTest()[pri:0, instance:automation.Annotation@3ecd23d9]" name="afterTest" is-config="true" duration-ms="0" started-at="2021-12-28T20:42:57 IST" finished-at="2021-12-28T20:42:57 IST">
          <reporter-output>
          </reporter-output>
        </test-method> <!-- afterTest -->
        <test-method status="PASS" signature="afterSuite()[pri:0, instance:automation.Annotation@3ecd23d9]" name="afterSuite" is-config="true" duration-ms="0" started-at="2021-12-28T20:42:57 IST" finished-at="2021-12-28T20:42:57 IST">
          <reporter-output>
          </reporter-output>
        </test-method> <!-- afterSuite -->
      </class> <!-- automation.Annotation -->
    </test> <!-- Default test -->
  </suite> <!-- Default suite -->
</testng-results>
